<?xml version="1.0" encoding="UTF-8"?>
<!-- Generated by org.testng.reporters.JUnitReportReporter -->
<testsuite hostname="DESKTOP-T5VQKFI" failures="0" tests="1" name="testCases.TC001_AccountRegistrationTest" time="3.841" errors="0" timestamp="2024-09-06T12:29:41 IST" skipped="0">
  <testcase classname="testCases.TC001_AccountRegistrationTest" name="verify_account_registration" time="3.841"/>
</testsuite> <!-- testCases.TC001_AccountRegistrationTest -->
