<?xml version="1.0" encoding="UTF-8"?>
<!-- Generated by org.testng.reporters.JUnitReportReporter -->
<testsuite hostname="DESKTOP-T5VQKFI" failures="0" tests="1" name="testCases.TC_004_SearchProductTest" time="1.163" errors="0" timestamp="2024-09-06T12:29:41 IST" skipped="0">
  <testcase classname="testCases.TC_004_SearchProductTest" name="verify_productSearch" time="1.163"/>
</testsuite> <!-- testCases.TC_004_SearchProductTest -->
