<?xml version="1.0" encoding="UTF-8"?>
<!-- Generated by org.testng.reporters.JUnitReportReporter -->
<testsuite hostname="DESKTOP-T5VQKFI" failures="0" tests="1" name="testCases.TC_005_AddToCartPageTest" time="7.598" errors="0" timestamp="2024-09-06T12:38:59 IST" skipped="0">
  <testcase classname="testCases.TC_005_AddToCartPageTest" name="verify_addToCart" time="7.598"/>
</testsuite> <!-- testCases.TC_005_AddToCartPageTest -->
