<?xml version="1.0" encoding="UTF-8"?>
<!-- Generated by org.testng.reporters.JUnitReportReporter -->
<testsuite hostname="DESKTOP-T5VQKFI" failures="0" tests="1" name="testCases.TC002_LoginTest" time="6.756" errors="0" timestamp="2024-09-06T12:29:41 IST" skipped="0">
  <testcase classname="testCases.TC002_LoginTest" name="Verify_Login" time="6.756"/>
</testsuite> <!-- testCases.TC002_LoginTest -->
