<?xml version="1.0" encoding="UTF-8"?>
<!-- Generated by org.testng.reporters.JUnitReportReporter -->
<testsuite hostname="DESKTOP-T5VQKFI" failures="0" tests="1" name="testCases.TC002_LoginTest" time="11.582" errors="0" timestamp="2024-09-01T14:38:36 IST" skipped="0">
  <testcase classname="testCases.TC002_LoginTest" name="Verify_Login" time="11.582"/>
</testsuite> <!-- testCases.TC002_LoginTest -->
